\BOOKMARK [0][-]{chapter.1}{\376\377\000I\000n\000t\000r\000o\000d\000u\000c\000t\000i\000o\000n}{}% 1
\BOOKMARK [1][-]{section.1.1}{\376\377\000R\000e\000f\000e\000r\000e\000n\000c\000e\000s}{chapter.1}% 2
\BOOKMARK [0][-]{chapter.2}{\376\377\000T\000h\000i\000n\000g\000s\000\040\000y\000o\000u\000\040\000h\000a\000v\000e\000\040\000f\000o\000r\000g\000o\000t\000t\000e\000n}{}% 3
\BOOKMARK [1][-]{section.2.1}{\376\377\000H\000o\000w\000\040\000t\000o\000\040\000m\000o\000d\000e\000l\000\040\000a\000\040\000s\000y\000s\000t\000e\000m}{chapter.2}% 4
\BOOKMARK [1][-]{section.2.2}{\376\377\000L\000a\000w\000\040\000o\000f\000\040\000M\000a\000s\000s\000\040\000A\000c\000t\000i\000o\000n}{chapter.2}% 5
\BOOKMARK [1][-]{section.2.3}{\376\377\000N\000o\000n\000-\000d\000i\000m\000e\000n\000s\000i\000o\000n\000a\000l\000i\000s\000a\000t\000i\000o\000n}{chapter.2}% 6
\BOOKMARK [2][-]{subsection.2.3.1}{\376\377\000E\000x\000a\000m\000p\000l\000e\000s\000\040\000o\000f\000\040\000n\000o\000n\000-\000d\000i\000m\000e\000n\000s\000i\000o\000n\000a\000l\000i\000s\000a\000t\000i\000o\000n\000\040\000t\000h\000r\000o\000u\000g\000h\000\040\000s\000u\000b\000s\000t\000i\000t\000u\000t\000i\000o\000n\000\040\000o\000f\000\040\000v\000a\000r\000i\000a\000b\000l\000e\000s}{section.2.3}% 7
\BOOKMARK [2][-]{subsection.2.3.2}{\376\377\000E\000x\000a\000m\000p\000l\000e\000s\000\040\000o\000f\000\040\000n\000o\000n\000-\000d\000i\000m\000e\000n\000s\000i\000o\000n\000a\000l\000i\000s\000a\000t\000i\000o\000n\000\040\000t\000h\000r\000o\000u\000g\000h\000\040\000t\000h\000e\000\040\000a\000r\000r\000o\000w\000\040\000m\000e\000t\000h\000o\000d}{section.2.3}% 8
\BOOKMARK [1][-]{section.2.4}{\376\377\000S\000t\000a\000t\000i\000o\000n\000a\000r\000y\000\040\000s\000t\000a\000t\000e\000s\000\040\000a\000n\000d\000\040\000s\000t\000a\000b\000i\000l\000i\000t\000y}{chapter.2}% 9
\BOOKMARK [1][-]{section.2.5}{\376\377\000L\000i\000n\000e\000a\000r\000\040\000s\000t\000a\000b\000i\000l\000i\000t\000y}{chapter.2}% 10
\BOOKMARK [1][-]{section.2.6}{\376\377\000C\000u\000r\000v\000e\000\040\000s\000k\000e\000t\000c\000h\000i\000n\000g}{chapter.2}% 11
\BOOKMARK [2][-]{subsection.2.6.1}{\376\377\000S\000p\000e\000c\000i\000f\000i\000c\000\040\000c\000u\000r\000v\000e\000s\000\040\000a\000n\000d\000\040\000t\000h\000e\000i\000r\000\040\000p\000r\000o\000p\000e\000r\000t\000i\000e\000s}{section.2.6}% 12
\BOOKMARK [1][-]{section.2.7}{\376\377\000P\000h\000a\000s\000e\000\040\000p\000l\000a\000n\000e\000s}{chapter.2}% 13
\BOOKMARK [2][-]{subsection.2.7.1}{\376\377\000O\000n\000e\000-\000d\000i\000m\000e\000n\000s\000i\000o\000n\000a\000l}{section.2.7}% 14
\BOOKMARK [2][-]{subsection.2.7.2}{\376\377\000T\000w\000o\000-\000d\000i\000m\000e\000n\000s\000i\000o\000n\000a\000l}{section.2.7}% 15
\BOOKMARK [1][-]{section.2.8}{\376\377\000C\000h\000e\000c\000k\000\040\000l\000i\000s\000t}{chapter.2}% 16
\BOOKMARK [0][-]{chapter.3}{\376\377\000P\000o\000p\000u\000l\000a\000t\000i\000o\000n\000\040\000m\000o\000d\000e\000l\000l\000i\000n\000g}{}% 17
\BOOKMARK [1][-]{section.3.1}{\376\377\000C\000o\000n\000t\000i\000n\000u\000u\000m\000\040\000m\000o\000d\000e\000l\000l\000i\000n\000g}{chapter.3}% 18
\BOOKMARK [2][-]{subsection.3.1.1}{\376\377\000D\000i\000s\000e\000a\000s\000e\000\040\000t\000r\000a\000n\000s\000m\000i\000s\000s\000i\000o\000n}{section.3.1}% 19
\BOOKMARK [1][-]{section.3.2}{\376\377\000D\000i\000s\000c\000r\000e\000t\000e\000\040\000m\000o\000d\000e\000l\000l\000i\000n\000g}{chapter.3}% 20
\BOOKMARK [2][-]{subsection.3.2.1}{\376\377\000C\000o\000b\000w\000e\000b\000b\000i\000n\000g}{section.3.2}% 21
\BOOKMARK [2][-]{subsection.3.2.2}{\376\377\000S\000t\000a\000b\000i\000l\000i\000t\000y\000\040\000o\000f\000\040\000d\000i\000s\000c\000r\000e\000t\000e\000\040\000e\000q\000u\000a\000t\000i\000o\000n\000s}{section.3.2}% 22
\BOOKMARK [2][-]{subsection.3.2.3}{\376\377\000O\000s\000c\000i\000l\000l\000a\000t\000o\000r\000y\000\040\000s\000t\000a\000t\000e\000s\000\040\000i\000n\000\040\000d\000i\000s\000c\000r\000e\000t\000e\000\040\000e\000q\000u\000a\000t\000i\000o\000n\000s}{section.3.2}% 23
\BOOKMARK [1][-]{section.3.3}{\376\377\000C\000h\000e\000c\000k\000\040\000l\000i\000s\000t}{chapter.3}% 24
\BOOKMARK [0][-]{chapter.4}{\376\377\000S\000p\000a\000t\000i\000a\000l\000\040\000s\000y\000s\000t\000e\000m\000s}{}% 25
\BOOKMARK [1][-]{section.4.1}{\376\377\000D\000e\000r\000i\000v\000i\000n\000g\000\040\000t\000h\000e\000\040\000d\000i\000f\000f\000u\000s\000i\000o\000n\000\040\000e\000q\000u\000a\000t\000i\000o\000n}{chapter.4}% 26
\BOOKMARK [1][-]{section.4.2}{\376\377\000D\000e\000r\000i\000v\000i\000n\000g\000\040\000t\000h\000e\000\040\000t\000a\000x\000i\000s\000\040\000e\000q\000u\000a\000t\000i\000o\000n}{chapter.4}% 27
\BOOKMARK [1][-]{section.4.3}{\376\377\000T\000r\000a\000v\000e\000l\000l\000i\000n\000g\000\040\000w\000a\000v\000e\000s}{chapter.4}% 28
\BOOKMARK [2][-]{subsection.4.3.1}{\376\377\000F\000i\000s\000h\000e\000r\000'\000s\000\040\000e\000q\000u\000a\000t\000i\000o\000n}{section.4.3}% 29
\BOOKMARK [1][-]{section.4.4}{\376\377\000C\000h\000e\000c\000k\000\040\000l\000i\000s\000t}{chapter.4}% 30
\BOOKMARK [0][-]{chapter.5}{\376\377\000P\000a\000t\000t\000e\000r\000n\000\040\000F\000o\000r\000m\000a\000t\000i\000o\000n}{}% 31
\BOOKMARK [1][-]{section.5.1}{\376\377\000F\000r\000e\000n\000c\000h\000\040\000f\000l\000a\000g\000\040\000p\000a\000t\000t\000e\000r\000n\000i\000n\000g}{chapter.5}% 32
\BOOKMARK [2][-]{subsection.5.1.1}{\376\377\000D\000i\000g\000i\000t\000\040\000s\000p\000e\000c\000i\000f\000i\000c\000a\000t\000i\000o\000n\000\040\000i\000n\000\040\000t\000h\000e\000\040\000l\000i\000m\000b\000\040\000b\000u\000d}{section.5.1}% 33
\BOOKMARK [1][-]{section.5.2}{\376\377\000T\000h\000e\000\040\000T\000u\000r\000i\000n\000g\000\040\000i\000n\000s\000t\000a\000b\000i\000l\000i\000t\000y}{chapter.5}% 34
\BOOKMARK [2][-]{subsection.5.2.1}{\376\377\000D\000i\000f\000f\000u\000s\000i\000o\000n\000\040\000D\000r\000i\000v\000e\000n\000\040\000I\000n\000s\000t\000a\000b\000i\000l\000i\000t\000y}{section.5.2}% 35
\BOOKMARK [2][-]{subsection.5.2.2}{\376\377\000S\000t\000a\000b\000i\000l\000i\000t\000y\000\040\000w\000i\000t\000h\000o\000u\000t\000\040\000d\000i\000f\000f\000u\000s\000i\000o\000n}{section.5.2}% 36
\BOOKMARK [2][-]{subsection.5.2.3}{\376\377\000I\000n\000s\000t\000a\000b\000i\000l\000i\000t\000y\000\040\000w\000i\000t\000h\000\040\000d\000i\000f\000f\000u\000s\000i\000o\000n}{section.5.2}% 37
\BOOKMARK [2][-]{subsection.5.2.4}{\376\377\000C\000o\000r\000o\000l\000l\000a\000r\000i\000e\000s\000\040\000t\000o\000\040\000T\000u\000r\000i\000n\000g\000'\000s\000\040\000t\000h\000e\000o\000r\000y}{section.5.2}% 38
\BOOKMARK [2][-]{subsection.5.2.5}{\376\377\000A\000\040\000c\000o\000m\000m\000e\000n\000t\000\040\000o\000n\000\040\000d\000o\000m\000a\000i\000n\000\040\000s\000i\000z\000e\000\040\000a\000n\000d\000\040\000s\000p\000a\000t\000i\000a\000l\000\040\000d\000i\000m\000e\000n\000s\000i\000o\000n\000s}{section.5.2}% 39
\BOOKMARK [1][-]{section.5.3}{\376\377\000D\000o\000\040\000t\000h\000e\000y\000\040\000e\000x\000i\000s\000t\000?}{chapter.5}% 40
\BOOKMARK [0][-]{appendix.A}{\376\377\000P\000r\000o\000o\000f\000\040\000o\000f\000\040\000s\000t\000a\000b\000i\000l\000i\000t\000y\000\040\000c\000r\000i\000t\000e\000r\000i\000o\000n\000\040\000f\000o\000r\000\040\000s\000c\000a\000l\000a\000r\000\040\000O\000D\000E\000\040\000e\000q\000u\000a\000t\000i\000o\000n\000s}{}% 41
\BOOKMARK [0][-]{appendix.B}{\376\377\000P\000r\000o\000o\000f\000\040\000o\000f\000\040\000s\000t\000a\000b\000i\000l\000i\000t\000y\000\040\000c\000r\000i\000t\000e\000r\000i\000o\000n\000\040\000f\000o\000r\000\040\000O\000D\000E\000\040\000s\000y\000s\000t\000e\000m\000s}{}% 42
\BOOKMARK [0][-]{appendix.C}{\376\377\000C\000h\000a\000r\000a\000c\000t\000e\000r\000i\000s\000i\000n\000g\000\040\000t\000h\000e\000\040\000s\000t\000a\000b\000i\000l\000i\000t\000y\000\040\000o\000f\000\040\000a\000\040\000t\000w\000o\000-\000d\000i\000m\000e\000n\000s\000i\000o\000n\000a\000l\000\040\000O\000D\000E\000\040\000s\000y\000s\000t\000e\000m}{}% 43
